Arguments: 
  C:\Program Files\nodejs\node.exe C:\Users\fsilva10\AppData\Roaming\npm\node_modules\yarn\bin\yarn.js add typescript ts-node-dev @types/node -D

PATH: 
  C:\Users\fsilva10\bin;C:\Users\fsilva10\AppData\Local\Programs\Git\mingw64\bin;C:\Users\fsilva10\AppData\Local\Programs\Git\usr\local\bin;C:\Users\fsilva10\AppData\Local\Programs\Git\usr\bin;C:\Users\fsilva10\AppData\Local\Programs\Git\usr\bin;C:\Users\fsilva10\AppData\Local\Programs\Git\mingw64\bin;C:\Users\fsilva10\AppData\Local\Programs\Git\usr\bin;C:\Users\fsilva10\bin;C:\Program Files\Common Files\Oracle\Java\javapath;C:\Program Files\AdoptOpenJDK\jdk-15.0.0.36-hotspot\bin;C:\WINDOWS\system32;C:\WINDOWS;C:\WINDOWS\System32\Wbem;C:\WINDOWS\System32\WindowsPowerShell\v1.0;C:\WINDOWS\System32\OpenSSH;C:\Program Files\Docker\Docker\resources\bin;C:\ProgramData\DockerDesktop\version-bin;C:\Program Files\nodejs;C:\Users\fsilva10\AppData\Local\Microsoft\WindowsApps;C:\Users\fsilva10\AppData\Local\Programs\Git\cmd;C:\Users\fsilva10\AppData\Roaming\npm;C:\Users\fsilva10\AppData\Local\Programs\Microsoft VS Code\bin;C:\Users\fsilva10\AppData\Local\Programs\Git\usr\bin\vendor_perl;C:\Users\fsilva10\AppData\Local\Programs\Git\usr\bin\core_perl

Yarn version: 
  1.22.17

Node version: 
  16.13.0

Platform: 
  win32 x64

Trace: 
  Error: unable to get local issuer certificate
      at TLSSocket.onConnectSecure (node:_tls_wrap:1530:34)
      at TLSSocket.emit (node:events:390:28)
      at TLSSocket._finishInit (node:_tls_wrap:944:8)
      at TLSWrap.ssl.onhandshakedone (node:_tls_wrap:725:12)

npm manifest: 
  {
    "name": "e-vendas",
    "version": "1.0.0",
    "main": "index.js",
    "license": "MIT"
  }

yarn manifest: 
  No manifest

Lockfile: 
  No lockfile
